<?xml version="1.0" encoding="UTF-8"?>
<!-- Generated by org.testng.reporters.JUnitXMLReporter -->
<testsuite hostname="VMH17741" name="TC_12_VerifyDifferentMedication" tests="2" failures="0" timestamp="24 Jul 2017 06:47:38 GMT" time="37.721" errors="0">
  <testcase name="verifyMedications_InMainDoseRound" time="18.249" classname="com.regression.TestCases.TC_12_VerifyDifferentMedication"/>
  <testcase name="verifyMedications_InSpecialDoseRound" time="14.904" classname="com.regression.TestCases.TC_12_VerifyDifferentMedication"/>
</testsuite> <!-- TC_12_VerifyDifferentMedication -->
