<?xml version="1.0" encoding="UTF-8"?>
<!-- Generated by org.testng.reporters.JUnitXMLReporter -->
<testsuite hostname="VMH17741" name="TC_11_OpenDoseVerification" tests="5" failures="0" timestamp="24 Jul 2017 06:47:07 GMT" time="22.113" errors="0">
  <testcase name="openDoseVerification" time="12.695" classname="com.regression.TestCases.TC_11_OpenDoseVerification"/>
  <testcase name="verifyAllResidentsAvailability" time="3.355" classname="com.regression.TestCases.TC_11_OpenDoseVerification"/>
  <testcase name="verifySearch" time="1.253" classname="com.regression.TestCases.TC_11_OpenDoseVerification"/>
  <testcase name="verifySortByName" time="0.619" classname="com.regression.TestCases.TC_11_OpenDoseVerification"/>
  <testcase name="verifySortByRoom" time="0.719" classname="com.regression.TestCases.TC_11_OpenDoseVerification"/>
</testsuite> <!-- TC_11_OpenDoseVerification -->
